
> model-deployment-client@0.1.0 start
> react-scripts start

Attempting to bind to HOST environment variable: 0.0.0.0
If this was unintentional, check that you haven't mistakenly set it in your shell.
Learn more here: https://cra.link/advanced-config

(node:348097) [DEP_WEBPACK_DEV_SERVER_ON_AFTER_SETUP_MIDDLEWARE] DeprecationWarning: 'onAfterSetupMiddleware' option is deprecated. Please use the 'setupMiddlewares' option.
(Use `node --trace-deprecation ...` to show where the warning was created)
(node:348097) [DEP_WEBPACK_DEV_SERVER_ON_BEFORE_SETUP_MIDDLEWARE] DeprecationWarning: 'onBeforeSetupMiddleware' option is deprecated. Please use the 'setupMiddlewares' option.
Starting the development server...

Compiled with warnings.

[eslint] 
src/components/TrainingConfigPanel.js
  Line 37:10:  'showLogMonitoring' is assigned a value but never used                                                              no-unused-vars
  Line 46:6:   React Hook useEffect has a missing dependency: 'loadSavedConfig'. Either include it or remove the dependency array  react-hooks/exhaustive-deps

src/components/TrainingHistoryPanel.js
  Line 7:3:    'Popconfirm' is defined but never used                                                                                no-unused-vars
  Line 34:15:  'Title' is assigned a value but never used                                                                            no-unused-vars
  Line 72:26:  'config' is assigned a value but never used                                                                           no-unused-vars
  Line 85:6:   React Hook useEffect has a missing dependency: 'fetchMlflowConfig'. Either include it or remove the dependency array  react-hooks/exhaustive-deps

Search for the keywords to learn more about each warning.
To ignore, add // eslint-disable-next-line to the line before.

WARNING in [eslint] 
src/components/TrainingConfigPanel.js
  Line 37:10:  'showLogMonitoring' is assigned a value but never used                                                              no-unused-vars
  Line 46:6:   React Hook useEffect has a missing dependency: 'loadSavedConfig'. Either include it or remove the dependency array  react-hooks/exhaustive-deps

src/components/TrainingHistoryPanel.js
  Line 7:3:    'Popconfirm' is defined but never used                                                                                no-unused-vars
  Line 34:15:  'Title' is assigned a value but never used                                                                            no-unused-vars
  Line 72:26:  'config' is assigned a value but never used                                                                           no-unused-vars
  Line 85:6:   React Hook useEffect has a missing dependency: 'fetchMlflowConfig'. Either include it or remove the dependency array  react-hooks/exhaustive-deps

webpack compiled with 1 warning
Proxy error: Could not proxy request /main.c6159535511829bbe5ea.hot-update.json from localhost:3000 to http://localhost:3001.
See https://nodejs.org/api/errors.html#errors_common_system_errors for more information (ECONNREFUSED).

Proxy error: Could not proxy request /main.c6159535511829bbe5ea.hot-update.json from localhost:3099 to http://localhost:3001.
See https://nodejs.org/api/errors.html#errors_common_system_errors for more information (ECONNREFUSED).

Proxy error: Could not proxy request /api/deployments from localhost:3000 to http://localhost:3001.
See https://nodejs.org/api/errors.html#errors_common_system_errors for more information (ECONNREFUSED).

Proxy error: Could not proxy request /api/training-jobs from localhost:3000 to http://localhost:3001.
See https://nodejs.org/api/errors.html#errors_common_system_errors for more information (ECONNREFUSED).

Proxy error: Could not proxy request /api/v2/app-status from localhost:3000 to http://localhost:3001.
See https://nodejs.org/api/errors.html#errors_common_system_errors for more information (ECONNREFUSED).

Proxy error: Could not proxy request /api/v2/app-status from localhost:3000 to http://localhost:3001.
See https://nodejs.org/api/errors.html#errors_common_system_errors for more information (ECONNREFUSED).

Proxy error: Could not proxy request /api/v2/app-status from localhost:3099 to http://localhost:3001.
See https://nodejs.org/api/errors.html#errors_common_system_errors for more information (ECONNREFUSED).

Proxy error: Could not proxy request /api/v2/app-status from localhost:3000 to http://localhost:3001.
See https://nodejs.org/api/errors.html#errors_common_system_errors for more information (ECONNREFUSED).

Proxy error: Could not proxy request /api/deployments from localhost:3000 to http://localhost:3001.
See https://nodejs.org/api/errors.html#errors_common_system_errors for more information (ECONNREFUSED).

Proxy error: Could not proxy request /api/training-jobs from localhost:3000 to http://localhost:3001.
See https://nodejs.org/api/errors.html#errors_common_system_errors for more information (ECONNREFUSED).

Proxy error: Could not proxy request /api/v2/app-status from localhost:3000 to http://localhost:3001.
See https://nodejs.org/api/errors.html#errors_common_system_errors for more information (ECONNREFUSED).

Proxy error: Could not proxy request /api/v2/app-status from localhost:3099 to http://localhost:3001.
See https://nodejs.org/api/errors.html#errors_common_system_errors for more information (ECONNREFUSED).

